<?xml version="1.0" encoding="UTF-8"?>
<!-- Generated by org.testng.reporters.JUnitXMLReporter -->
<testsuite ignored="0" hostname="azhar" failures="1" tests="2" name="Test" time="19.571" errors="0" timestamp="2024-11-12T12:16:50 IST">
  <testcase classname="testCasses.TC001_AccountRegistrationTest" name="verify_account_registration" time="2.389"/>
  <testcase classname="testCasses.TC002_LoginTest" name="verify_login" time="10.665">
    <failure type="java.lang.AssertionError" message="expected [true] but found [false]">
      <![CDATA[java.lang.AssertionError: expected [true] but found [false]
at testCasses.TC002_LoginTest.verify_login(TC002_LoginTest.java:28)
at java.base/java.util.ArrayList.forEach(ArrayList.java:1511)
... Removed 34 stack frames]]>
    </failure>
  </testcase> <!-- verify_login -->
</testsuite> <!-- Test -->
